Navigated to https://bb1d30f8-d852-4bae-abcd-b7c4521e3d85-00-x9tsn55inx51.spock.replit.dev:5000/api/login
inject.bundle.js:1  GET chrome-extension://invalid/ net::ERR_FAILED
n @ inject.bundle.js:1
i @ inject.bundle.js:1
t.findInstalledCompetitors @ inject.bundle.js:1
(anonymous) @ inject.bundle.js:1
(anonymous) @ inject.bundle.js:1
run @ inject.bundle.js:1
t.default @ inject.bundle.js:1
await in t.default
(anonymous) @ inject.bundle.js:1
(anonymous) @ inject.bundle.js:1
run @ inject.bundle.js:1
t.default @ inject.bundle.js:1
await in t.default
7263 @ inject.bundle.js:1
r @ inject.bundle.js:1
(anonymous) @ inject.bundle.js:1
(anonymous) @ inject.bundle.js:1
inject.bundle.js:1  GET chrome-extension://invalid/ net::ERR_FAILED
n @ inject.bundle.js:1
i @ inject.bundle.js:1
await in i
t.findInstalledCompetitors @ inject.bundle.js:1
(anonymous) @ inject.bundle.js:1
(anonymous) @ inject.bundle.js:1
run @ inject.bundle.js:1
t.default @ inject.bundle.js:1
await in t.default
(anonymous) @ inject.bundle.js:1
(anonymous) @ inject.bundle.js:1
run @ inject.bundle.js:1
t.default @ inject.bundle.js:1
await in t.default
7263 @ inject.bundle.js:1
r @ inject.bundle.js:1
(anonymous) @ inject.bundle.js:1
(anonymous) @ inject.bundle.js:1
inject.bundle.js:1  GET chrome-extension://invalid/ net::ERR_FAILED
n @ inject.bundle.js:1
i @ inject.bundle.js:1
await in i
t.findInstalledCompetitors @ inject.bundle.js:1
(anonymous) @ inject.bundle.js:1
(anonymous) @ inject.bundle.js:1
run @ inject.bundle.js:1
t.default @ inject.bundle.js:1
await in t.default
(anonymous) @ inject.bundle.js:1
(anonymous) @ inject.bundle.js:1
run @ inject.bundle.js:1
t.default @ inject.bundle.js:1
await in t.default
7263 @ inject.bundle.js:1
r @ inject.bundle.js:1
(anonymous) @ inject.bundle.js:1
(anonymous) @ inject.bundle.js:1
inject.bundle.js:1  GET chrome-extension://invalid/ net::ERR_FAILED
n @ inject.bundle.js:1
i @ inject.bundle.js:1
await in i
t.findInstalledCompetitors @ inject.bundle.js:1
(anonymous) @ inject.bundle.js:1
(anonymous) @ inject.bundle.js:1
run @ inject.bundle.js:1
t.default @ inject.bundle.js:1
await in t.default
(anonymous) @ inject.bundle.js:1
(anonymous) @ inject.bundle.js:1
run @ inject.bundle.js:1
t.default @ inject.bundle.js:1
await in t.default
7263 @ inject.bundle.js:1
r @ inject.bundle.js:1
(anonymous) @ inject.bundle.js:1
(anonymous) @ inject.bundle.js:1
inject.bundle.js:1  GET chrome-extension://invalid/ net::ERR_FAILED
n @ inject.bundle.js:1
i @ inject.bundle.js:1
await in i
t.findInstalledCompetitors @ inject.bundle.js:1
(anonymous) @ inject.bundle.js:1
(anonymous) @ inject.bundle.js:1
run @ inject.bundle.js:1
t.default @ inject.bundle.js:1
await in t.default
(anonymous) @ inject.bundle.js:1
(anonymous) @ inject.bundle.js:1
run @ inject.bundle.js:1
t.default @ inject.bundle.js:1
await in t.default
7263 @ inject.bundle.js:1
r @ inject.bundle.js:1
(anonymous) @ inject.bundle.js:1
(anonymous) @ inject.bundle.js:1
inject.bundle.js:1  GET chrome-extension://invalid/ net::ERR_FAILED
n @ inject.bundle.js:1
i @ inject.bundle.js:1
await in i
t.findInstalledCompetitors @ inject.bundle.js:1
(anonymous) @ inject.bundle.js:1
(anonymous) @ inject.bundle.js:1
run @ inject.bundle.js:1
t.default @ inject.bundle.js:1
await in t.default
(anonymous) @ inject.bundle.js:1
(anonymous) @ inject.bundle.js:1
run @ inject.bundle.js:1
t.default @ inject.bundle.js:1
await in t.default
7263 @ inject.bundle.js:1
r @ inject.bundle.js:1
(anonymous) @ inject.bundle.js:1
(anonymous) @ inject.bundle.js:1
inject.bundle.js:1  GET chrome-extension://invalid/ net::ERR_FAILED
n @ inject.bundle.js:1
i @ inject.bundle.js:1
await in i
t.findInstalledCompetitors @ inject.bundle.js:1
(anonymous) @ inject.bundle.js:1
(anonymous) @ inject.bundle.js:1
run @ inject.bundle.js:1
t.default @ inject.bundle.js:1
await in t.default
(anonymous) @ inject.bundle.js:1
(anonymous) @ inject.bundle.js:1
run @ inject.bundle.js:1
t.default @ inject.bundle.js:1
await in t.default
7263 @ inject.bundle.js:1
r @ inject.bundle.js:1
(anonymous) @ inject.bundle.js:1
(anonymous) @ inject.bundle.js:1
The resource <URL> was preloaded using link preload but not used within a few seconds from the window's load event. Please make sure it has an appropriate `as` value and it is preloaded intentionally.
The resource <URL> was preloaded using link preload but not used within a few seconds from the window's load event. Please make sure it has an appropriate `as` value and it is preloaded intentionally.
The resource <URL> was preloaded using link preload but not used within a few seconds from the window's load event. Please make sure it has an appropriate `as` value and it is preloaded intentionally.
The resource <URL> was preloaded using link preload but not used within a few seconds from the window's load event. Please make sure it has an appropriate `as` value and it is preloaded intentionally.
The resource <URL> was preloaded using link preload but not used within a few seconds from the window's load event. Please make sure it has an appropriate `as` value and it is preloaded intentionally.
The resource <URL> was preloaded using link preload but not used within a few seconds from the window's load event. Please make sure it has an appropriate `as` value and it is preloaded intentionally.
The resource <URL> was preloaded using link preload but not used within a few seconds from the window's load event. Please make sure it has an appropriate `as` value and it is preloaded intentionally.
The resource <URL> was preloaded using link preload but not used within a few seconds from the window's load event. Please make sure it has an appropriate `as` value and it is preloaded intentionally.
Navigated to https://bb1d30f8-d852-4bae-abcd-b7c4521e3d85-00-x9tsn55inx51.spock.replit.dev:5000/
client:536 WebSocket connection to 'wss://bb1d30f8-d852-4bae-abcd-b7c4521e3d85-00-x9tsn55inx51.spock.replit.dev:5000/?token=NYQv2PUnu21N' failed: 
setupWebSocket @ client:536
(anonymous) @ client:531
client:536 Uncaught (in promise) SyntaxError: Failed to construct 'WebSocket': The URL 'wss://localhost:undefined/?token=NYQv2PUnu21N' is invalid.
    at setupWebSocket (client:536:19)
    at fallback (client:509:16)
    at WebSocket.<anonymous> (client:555:7)
setupWebSocket @ client:536
fallback @ client:509
(anonymous) @ client:555
dashboard.tsx:53 Dashboard activeSection changed to: dashboard
inject.bundle.js:1  GET chrome-extension://invalid/ net::ERR_FAILED
n @ inject.bundle.js:1
i @ inject.bundle.js:1
t.findInstalledCompetitors @ inject.bundle.js:1
(anonymous) @ inject.bundle.js:1
(anonymous) @ inject.bundle.js:1
run @ inject.bundle.js:1
t.default @ inject.bundle.js:1
await in t.default
(anonymous) @ inject.bundle.js:1
(anonymous) @ inject.bundle.js:1
run @ inject.bundle.js:1
t.default @ inject.bundle.js:1
await in t.default
7263 @ inject.bundle.js:1
r @ inject.bundle.js:1
(anonymous) @ inject.bundle.js:1
(anonymous) @ inject.bundle.js:1
inject.bundle.js:1  GET chrome-extension://invalid/ net::ERR_FAILED
n @ inject.bundle.js:1
i @ inject.bundle.js:1
await in i
t.findInstalledCompetitors @ inject.bundle.js:1
(anonymous) @ inject.bundle.js:1
(anonymous) @ inject.bundle.js:1
run @ inject.bundle.js:1
t.default @ inject.bundle.js:1
await in t.default
(anonymous) @ inject.bundle.js:1
(anonymous) @ inject.bundle.js:1
run @ inject.bundle.js:1
t.default @ inject.bundle.js:1
await in t.default
7263 @ inject.bundle.js:1
r @ inject.bundle.js:1
(anonymous) @ inject.bundle.js:1
(anonymous) @ inject.bundle.js:1
inject.bundle.js:1  GET chrome-extension://invalid/ net::ERR_FAILED
n @ inject.bundle.js:1
i @ inject.bundle.js:1
await in i
t.findInstalledCompetitors @ inject.bundle.js:1
(anonymous) @ inject.bundle.js:1
(anonymous) @ inject.bundle.js:1
run @ inject.bundle.js:1
t.default @ inject.bundle.js:1
await in t.default
(anonymous) @ inject.bundle.js:1
(anonymous) @ inject.bundle.js:1
run @ inject.bundle.js:1
t.default @ inject.bundle.js:1
await in t.default
7263 @ inject.bundle.js:1
r @ inject.bundle.js:1
(anonymous) @ inject.bundle.js:1
(anonymous) @ inject.bundle.js:1
inject.bundle.js:1  GET chrome-extension://invalid/ net::ERR_FAILED
n @ inject.bundle.js:1
i @ inject.bundle.js:1
await in i
t.findInstalledCompetitors @ inject.bundle.js:1
(anonymous) @ inject.bundle.js:1
(anonymous) @ inject.bundle.js:1
run @ inject.bundle.js:1
t.default @ inject.bundle.js:1
await in t.default
(anonymous) @ inject.bundle.js:1
(anonymous) @ inject.bundle.js:1
run @ inject.bundle.js:1
t.default @ inject.bundle.js:1
await in t.default
7263 @ inject.bundle.js:1
r @ inject.bundle.js:1
(anonymous) @ inject.bundle.js:1
(anonymous) @ inject.bundle.js:1
inject.bundle.js:1  GET chrome-extension://invalid/ net::ERR_FAILED
n @ inject.bundle.js:1
i @ inject.bundle.js:1
await in i
t.findInstalledCompetitors @ inject.bundle.js:1
(anonymous) @ inject.bundle.js:1
(anonymous) @ inject.bundle.js:1
run @ inject.bundle.js:1
t.default @ inject.bundle.js:1
await in t.default
(anonymous) @ inject.bundle.js:1
(anonymous) @ inject.bundle.js:1
run @ inject.bundle.js:1
t.default @ inject.bundle.js:1
await in t.default
7263 @ inject.bundle.js:1
r @ inject.bundle.js:1
(anonymous) @ inject.bundle.js:1
(anonymous) @ inject.bundle.js:1
inject.bundle.js:1  GET chrome-extension://invalid/ net::ERR_FAILED
n @ inject.bundle.js:1
i @ inject.bundle.js:1
await in i
t.findInstalledCompetitors @ inject.bundle.js:1
(anonymous) @ inject.bundle.js:1
(anonymous) @ inject.bundle.js:1
run @ inject.bundle.js:1
t.default @ inject.bundle.js:1
await in t.default
(anonymous) @ inject.bundle.js:1
(anonymous) @ inject.bundle.js:1
run @ inject.bundle.js:1
t.default @ inject.bundle.js:1
await in t.default
7263 @ inject.bundle.js:1
r @ inject.bundle.js:1
(anonymous) @ inject.bundle.js:1
(anonymous) @ inject.bundle.js:1
inject.bundle.js:1  GET chrome-extension://invalid/ net::ERR_FAILED
n @ inject.bundle.js:1
i @ inject.bundle.js:1
await in i
t.findInstalledCompetitors @ inject.bundle.js:1
(anonymous) @ inject.bundle.js:1
(anonymous) @ inject.bundle.js:1
run @ inject.bundle.js:1
t.default @ inject.bundle.js:1
await in t.default
(anonymous) @ inject.bundle.js:1
(anonymous) @ inject.bundle.js:1
run @ inject.bundle.js:1
t.default @ inject.bundle.js:1
await in t.default
7263 @ inject.bundle.js:1
r @ inject.bundle.js:1
(anonymous) @ inject.bundle.js:1
(anonymous) @ inject.bundle.js:1
message-notifications.tsx:92 WebSocket connection to 'wss://bb1d30f8-d852-4bae-abcd-b7c4521e3d85-00-x9tsn55inx51.spock.replit.dev/notifications' failed: 
(anonymous) @ message-notifications.tsx:92
commitHookEffectListMount @ chunk-RPCDYKBN.js?v=c6f482f7:16915
commitPassiveMountOnFiber @ chunk-RPCDYKBN.js?v=c6f482f7:18156
commitPassiveMountEffects_complete @ chunk-RPCDYKBN.js?v=c6f482f7:18129
commitPassiveMountEffects_begin @ chunk-RPCDYKBN.js?v=c6f482f7:18119
commitPassiveMountEffects @ chunk-RPCDYKBN.js?v=c6f482f7:18109
flushPassiveEffectsImpl @ chunk-RPCDYKBN.js?v=c6f482f7:19490
flushPassiveEffects @ chunk-RPCDYKBN.js?v=c6f482f7:19447
commitRootImpl @ chunk-RPCDYKBN.js?v=c6f482f7:19416
commitRoot @ chunk-RPCDYKBN.js?v=c6f482f7:19277
performSyncWorkOnRoot @ chunk-RPCDYKBN.js?v=c6f482f7:18895
flushSyncCallbacks @ chunk-RPCDYKBN.js?v=c6f482f7:9119
(anonymous) @ chunk-RPCDYKBN.js?v=c6f482f7:18627
useMessaging.ts:205 WebSocket connection to 'wss://bb1d30f8-d852-4bae-abcd-b7c4521e3d85-00-x9tsn55inx51.spock.replit.dev/notifications' failed: 
(anonymous) @ useMessaging.ts:205
commitHookEffectListMount @ chunk-RPCDYKBN.js?v=c6f482f7:16915
commitPassiveMountOnFiber @ chunk-RPCDYKBN.js?v=c6f482f7:18156
commitPassiveMountEffects_complete @ chunk-RPCDYKBN.js?v=c6f482f7:18129
commitPassiveMountEffects_begin @ chunk-RPCDYKBN.js?v=c6f482f7:18119
commitPassiveMountEffects @ chunk-RPCDYKBN.js?v=c6f482f7:18109
flushPassiveEffectsImpl @ chunk-RPCDYKBN.js?v=c6f482f7:19490
flushPassiveEffects @ chunk-RPCDYKBN.js?v=c6f482f7:19447
commitRootImpl @ chunk-RPCDYKBN.js?v=c6f482f7:19416
commitRoot @ chunk-RPCDYKBN.js?v=c6f482f7:19277
performSyncWorkOnRoot @ chunk-RPCDYKBN.js?v=c6f482f7:18895
flushSyncCallbacks @ chunk-RPCDYKBN.js?v=c6f482f7:9119
(anonymous) @ chunk-RPCDYKBN.js?v=c6f482f7:18627
useMessaging.ts:238 Messaging WebSocket error: Event {isTrusted: true, type: 'error', target: WebSocket, currentTarget: WebSocket, eventPhase: 2, …}
overrideMethod @ hook.js:608
ws.onerror @ useMessaging.ts:238
useMessaging.ts:242 Messaging WebSocket disconnected
simple-nav.tsx:144 Navigation click: real-time-messages
dashboard.tsx:498 Dashboard setActiveSection called with: real-time-messages
dashboard.tsx:53 Dashboard activeSection changed to: real-time-messages
Navigated to https://bb1d30f8-d852-4bae-abcd-b7c4521e3d85-00-x9tsn55inx51.spock.replit.dev:5000/
client:536 WebSocket connection to 'wss://bb1d30f8-d852-4bae-abcd-b7c4521e3d85-00-x9tsn55inx51.spock.replit.dev:5000/?token=NYQv2PUnu21N' failed: 
setupWebSocket @ client:536
(anonymous) @ client:531
client:536 Uncaught (in promise) SyntaxError: Failed to construct 'WebSocket': The URL 'wss://localhost:undefined/?token=NYQv2PUnu21N' is invalid.
    at setupWebSocket (client:536:19)
    at fallback (client:509:16)
    at WebSocket.<anonymous> (client:555:7)
setupWebSocket @ client:536
fallback @ client:509
(anonymous) @ client:555
t.js:1  GET https://bb1d30f8-d852-4bae-abcd-b7c4521e3d85-00-x9tsn55inx51.spock.replit.dev:5000/api/auth/user 401 (Unauthorized)
apply @ t.js:1
(anonymous) @ queryClient.ts:42
fetchFn @ @tanstack_react-query.js?v=c6f482f7:881
run @ @tanstack_react-query.js?v=c6f482f7:513
start @ @tanstack_react-query.js?v=c6f482f7:555
fetch @ @tanstack_react-query.js?v=c6f482f7:969
executeFetch_fn @ @tanstack_react-query.js?v=c6f482f7:2279
onSubscribe @ @tanstack_react-query.js?v=c6f482f7:1983
subscribe @ @tanstack_react-query.js?v=c6f482f7:24
(anonymous) @ @tanstack_react-query.js?v=c6f482f7:3146
subscribeToStore @ chunk-RPCDYKBN.js?v=c6f482f7:11984
commitHookEffectListMount @ chunk-RPCDYKBN.js?v=c6f482f7:16915
commitPassiveMountOnFiber @ chunk-RPCDYKBN.js?v=c6f482f7:18156
commitPassiveMountEffects_complete @ chunk-RPCDYKBN.js?v=c6f482f7:18129
commitPassiveMountEffects_begin @ chunk-RPCDYKBN.js?v=c6f482f7:18119
commitPassiveMountEffects @ chunk-RPCDYKBN.js?v=c6f482f7:18109
flushPassiveEffectsImpl @ chunk-RPCDYKBN.js?v=c6f482f7:19490
flushPassiveEffects @ chunk-RPCDYKBN.js?v=c6f482f7:19447
performSyncWorkOnRoot @ chunk-RPCDYKBN.js?v=c6f482f7:18868
flushSyncCallbacks @ chunk-RPCDYKBN.js?v=c6f482f7:9119
commitRootImpl @ chunk-RPCDYKBN.js?v=c6f482f7:19432
commitRoot @ chunk-RPCDYKBN.js?v=c6f482f7:19277
finishConcurrentRender @ chunk-RPCDYKBN.js?v=c6f482f7:18805
performConcurrentWorkOnRoot @ chunk-RPCDYKBN.js?v=c6f482f7:18718
workLoop @ chunk-RPCDYKBN.js?v=c6f482f7:197
flushWork @ chunk-RPCDYKBN.js?v=c6f482f7:176
performWorkUntilDeadline @ chunk-RPCDYKBN.js?v=c6f482f7:384
inject.bundle.js:1  GET chrome-extension://invalid/ net::ERR_FAILED
n @ inject.bundle.js:1
i @ inject.bundle.js:1
t.findInstalledCompetitors @ inject.bundle.js:1
(anonymous) @ inject.bundle.js:1
(anonymous) @ inject.bundle.js:1
run @ inject.bundle.js:1
t.default @ inject.bundle.js:1
await in t.default
(anonymous) @ inject.bundle.js:1
(anonymous) @ inject.bundle.js:1
run @ inject.bundle.js:1
t.default @ inject.bundle.js:1
await in t.default
7263 @ inject.bundle.js:1
r @ inject.bundle.js:1
(anonymous) @ inject.bundle.js:1
(anonymous) @ inject.bundle.js:1
inject.bundle.js:1  GET chrome-extension://invalid/ net::ERR_FAILED
n @ inject.bundle.js:1
i @ inject.bundle.js:1
await in i
t.findInstalledCompetitors @ inject.bundle.js:1
(anonymous) @ inject.bundle.js:1
(anonymous) @ inject.bundle.js:1
run @ inject.bundle.js:1
t.default @ inject.bundle.js:1
await in t.default
(anonymous) @ inject.bundle.js:1
(anonymous) @ inject.bundle.js:1
run @ inject.bundle.js:1
t.default @ inject.bundle.js:1
await in t.default
7263 @ inject.bundle.js:1
r @ inject.bundle.js:1
(anonymous) @ inject.bundle.js:1
(anonymous) @ inject.bundle.js:1
inject.bundle.js:1  GET chrome-extension://invalid/ net::ERR_FAILED
n @ inject.bundle.js:1
i @ inject.bundle.js:1
await in i
t.findInstalledCompetitors @ inject.bundle.js:1
(anonymous) @ inject.bundle.js:1
(anonymous) @ inject.bundle.js:1
run @ inject.bundle.js:1
t.default @ inject.bundle.js:1
await in t.default
(anonymous) @ inject.bundle.js:1
(anonymous) @ inject.bundle.js:1
run @ inject.bundle.js:1
t.default @ inject.bundle.js:1
await in t.default
7263 @ inject.bundle.js:1
r @ inject.bundle.js:1
(anonymous) @ inject.bundle.js:1
(anonymous) @ inject.bundle.js:1
inject.bundle.js:1  GET chrome-extension://invalid/ net::ERR_FAILED
n @ inject.bundle.js:1
i @ inject.bundle.js:1
await in i
t.findInstalledCompetitors @ inject.bundle.js:1
(anonymous) @ inject.bundle.js:1
(anonymous) @ inject.bundle.js:1
run @ inject.bundle.js:1
t.default @ inject.bundle.js:1
await in t.default
(anonymous) @ inject.bundle.js:1
(anonymous) @ inject.bundle.js:1
run @ inject.bundle.js:1
t.default @ inject.bundle.js:1
await in t.default
7263 @ inject.bundle.js:1
r @ inject.bundle.js:1
(anonymous) @ inject.bundle.js:1
(anonymous) @ inject.bundle.js:1
inject.bundle.js:1  GET chrome-extension://invalid/ net::ERR_FAILED
n @ inject.bundle.js:1
i @ inject.bundle.js:1
await in i
t.findInstalledCompetitors @ inject.bundle.js:1
(anonymous) @ inject.bundle.js:1
(anonymous) @ inject.bundle.js:1
run @ inject.bundle.js:1
t.default @ inject.bundle.js:1
await in t.default
(anonymous) @ inject.bundle.js:1
(anonymous) @ inject.bundle.js:1
run @ inject.bundle.js:1
t.default @ inject.bundle.js:1
await in t.default
7263 @ inject.bundle.js:1
r @ inject.bundle.js:1
(anonymous) @ inject.bundle.js:1
(anonymous) @ inject.bundle.js:1
inject.bundle.js:1  GET chrome-extension://invalid/ net::ERR_FAILED
n @ inject.bundle.js:1
i @ inject.bundle.js:1
await in i
t.findInstalledCompetitors @ inject.bundle.js:1
(anonymous) @ inject.bundle.js:1
(anonymous) @ inject.bundle.js:1
run @ inject.bundle.js:1
t.default @ inject.bundle.js:1
await in t.default
(anonymous) @ inject.bundle.js:1
(anonymous) @ inject.bundle.js:1
run @ inject.bundle.js:1
t.default @ inject.bundle.js:1
await in t.default
7263 @ inject.bundle.js:1
r @ inject.bundle.js:1
(anonymous) @ inject.bundle.js:1
(anonymous) @ inject.bundle.js:1
inject.bundle.js:1  GET chrome-extension://invalid/ net::ERR_FAILED
n @ inject.bundle.js:1
i @ inject.bundle.js:1
await in i
t.findInstalledCompetitors @ inject.bundle.js:1
(anonymous) @ inject.bundle.js:1
(anonymous) @ inject.bundle.js:1
run @ inject.bundle.js:1
t.default @ inject.bundle.js:1
await in t.default
(anonymous) @ inject.bundle.js:1
(anonymous) @ inject.bundle.js:1
run @ inject.bundle.js:1
t.default @ inject.bundle.js:1
await in t.default
7263 @ inject.bundle.js:1
r @ inject.bundle.js:1
(anonymous) @ inject.bundle.js:1
(anonymous) @ inject.bundle.js:1
Navigated to https://bb1d30f8-d852-4bae-abcd-b7c4521e3d85-00-x9tsn55inx51.spock.replit.dev:5000/api/login
inject.bundle.js:1  GET chrome-extension://invalid/ net::ERR_FAILED
n @ inject.bundle.js:1
i @ inject.bundle.js:1
t.findInstalledCompetitors @ inject.bundle.js:1
(anonymous) @ inject.bundle.js:1
(anonymous) @ inject.bundle.js:1
run @ inject.bundle.js:1
t.default @ inject.bundle.js:1
await in t.default
(anonymous) @ inject.bundle.js:1
(anonymous) @ inject.bundle.js:1
run @ inject.bundle.js:1
t.default @ inject.bundle.js:1
await in t.default
7263 @ inject.bundle.js:1
r @ inject.bundle.js:1
(anonymous) @ inject.bundle.js:1
(anonymous) @ inject.bundle.js:1
inject.bundle.js:1  GET chrome-extension://invalid/ net::ERR_FAILED
n @ inject.bundle.js:1
i @ inject.bundle.js:1
await in i
t.findInstalledCompetitors @ inject.bundle.js:1
(anonymous) @ inject.bundle.js:1
(anonymous) @ inject.bundle.js:1
run @ inject.bundle.js:1
t.default @ inject.bundle.js:1
await in t.default
(anonymous) @ inject.bundle.js:1
(anonymous) @ inject.bundle.js:1
run @ inject.bundle.js:1
t.default @ inject.bundle.js:1
await in t.default
7263 @ inject.bundle.js:1
r @ inject.bundle.js:1
(anonymous) @ inject.bundle.js:1
(anonymous) @ inject.bundle.js:1
inject.bundle.js:1  GET chrome-extension://invalid/ net::ERR_FAILED
n @ inject.bundle.js:1
i @ inject.bundle.js:1
await in i
t.findInstalledCompetitors @ inject.bundle.js:1
(anonymous) @ inject.bundle.js:1
(anonymous) @ inject.bundle.js:1
run @ inject.bundle.js:1
t.default @ inject.bundle.js:1
await in t.default
(anonymous) @ inject.bundle.js:1
(anonymous) @ inject.bundle.js:1
run @ inject.bundle.js:1
t.default @ inject.bundle.js:1
await in t.default
7263 @ inject.bundle.js:1
r @ inject.bundle.js:1
(anonymous) @ inject.bundle.js:1
(anonymous) @ inject.bundle.js:1
inject.bundle.js:1  GET chrome-extension://invalid/ net::ERR_FAILED
n @ inject.bundle.js:1
i @ inject.bundle.js:1
await in i
t.findInstalledCompetitors @ inject.bundle.js:1
(anonymous) @ inject.bundle.js:1
(anonymous) @ inject.bundle.js:1
run @ inject.bundle.js:1
t.default @ inject.bundle.js:1
await in t.default
(anonymous) @ inject.bundle.js:1
(anonymous) @ inject.bundle.js:1
run @ inject.bundle.js:1
t.default @ inject.bundle.js:1
await in t.default
7263 @ inject.bundle.js:1
r @ inject.bundle.js:1
(anonymous) @ inject.bundle.js:1
(anonymous) @ inject.bundle.js:1
inject.bundle.js:1  GET chrome-extension://invalid/ net::ERR_FAILED
n @ inject.bundle.js:1
i @ inject.bundle.js:1
await in i
t.findInstalledCompetitors @ inject.bundle.js:1
(anonymous) @ inject.bundle.js:1
(anonymous) @ inject.bundle.js:1
run @ inject.bundle.js:1
t.default @ inject.bundle.js:1
await in t.default
(anonymous) @ inject.bundle.js:1
(anonymous) @ inject.bundle.js:1
run @ inject.bundle.js:1
t.default @ inject.bundle.js:1
await in t.default
7263 @ inject.bundle.js:1
r @ inject.bundle.js:1
(anonymous) @ inject.bundle.js:1
(anonymous) @ inject.bundle.js:1
inject.bundle.js:1  GET chrome-extension://invalid/ net::ERR_FAILED
n @ inject.bundle.js:1
i @ inject.bundle.js:1
await in i
t.findInstalledCompetitors @ inject.bundle.js:1
(anonymous) @ inject.bundle.js:1
(anonymous) @ inject.bundle.js:1
run @ inject.bundle.js:1
t.default @ inject.bundle.js:1
await in t.default
(anonymous) @ inject.bundle.js:1
(anonymous) @ inject.bundle.js:1
run @ inject.bundle.js:1
t.default @ inject.bundle.js:1
await in t.default
7263 @ inject.bundle.js:1
r @ inject.bundle.js:1
(anonymous) @ inject.bundle.js:1
(anonymous) @ inject.bundle.js:1
inject.bundle.js:1  GET chrome-extension://invalid/ net::ERR_FAILED
n @ inject.bundle.js:1
i @ inject.bundle.js:1
await in i
t.findInstalledCompetitors @ inject.bundle.js:1
(anonymous) @ inject.bundle.js:1
(anonymous) @ inject.bundle.js:1
run @ inject.bundle.js:1
t.default @ inject.bundle.js:1
await in t.default
(anonymous) @ inject.bundle.js:1
(anonymous) @ inject.bundle.js:1
run @ inject.bundle.js:1
t.default @ inject.bundle.js:1
await in t.default
7263 @ inject.bundle.js:1
r @ inject.bundle.js:1
(anonymous) @ inject.bundle.js:1
(anonymous) @ inject.bundle.js:1
Navigated to https://bb1d30f8-d852-4bae-abcd-b7c4521e3d85-00-x9tsn55inx51.spock.replit.dev:5000/
client:536 WebSocket connection to 'wss://bb1d30f8-d852-4bae-abcd-b7c4521e3d85-00-x9tsn55inx51.spock.replit.dev:5000/?token=NYQv2PUnu21N' failed: 
setupWebSocket @ client:536
(anonymous) @ client:531
client:536 Uncaught (in promise) SyntaxError: Failed to construct 'WebSocket': The URL 'wss://localhost:undefined/?token=NYQv2PUnu21N' is invalid.
    at setupWebSocket (client:536:19)
    at fallback (client:509:16)
    at WebSocket.<anonymous> (client:555:7)
setupWebSocket @ client:536
fallback @ client:509
(anonymous) @ client:555
inject.bundle.js:1  GET chrome-extension://invalid/ net::ERR_FAILED
n @ inject.bundle.js:1
i @ inject.bundle.js:1
t.findInstalledCompetitors @ inject.bundle.js:1
(anonymous) @ inject.bundle.js:1
(anonymous) @ inject.bundle.js:1
run @ inject.bundle.js:1
t.default @ inject.bundle.js:1
await in t.default
(anonymous) @ inject.bundle.js:1
(anonymous) @ inject.bundle.js:1
run @ inject.bundle.js:1
t.default @ inject.bundle.js:1
await in t.default
7263 @ inject.bundle.js:1
r @ inject.bundle.js:1
(anonymous) @ inject.bundle.js:1
(anonymous) @ inject.bundle.js:1
dashboard.tsx:53 Dashboard activeSection changed to: dashboard
inject.bundle.js:1  GET chrome-extension://invalid/ net::ERR_FAILED
n @ inject.bundle.js:1
i @ inject.bundle.js:1
await in i
t.findInstalledCompetitors @ inject.bundle.js:1
(anonymous) @ inject.bundle.js:1
(anonymous) @ inject.bundle.js:1
run @ inject.bundle.js:1
t.default @ inject.bundle.js:1
await in t.default
(anonymous) @ inject.bundle.js:1
(anonymous) @ inject.bundle.js:1
run @ inject.bundle.js:1
t.default @ inject.bundle.js:1
await in t.default
7263 @ inject.bundle.js:1
r @ inject.bundle.js:1
(anonymous) @ inject.bundle.js:1
(anonymous) @ inject.bundle.js:1
inject.bundle.js:1  GET chrome-extension://invalid/ net::ERR_FAILED
n @ inject.bundle.js:1
i @ inject.bundle.js:1
await in i
t.findInstalledCompetitors @ inject.bundle.js:1
(anonymous) @ inject.bundle.js:1
(anonymous) @ inject.bundle.js:1
run @ inject.bundle.js:1
t.default @ inject.bundle.js:1
await in t.default
(anonymous) @ inject.bundle.js:1
(anonymous) @ inject.bundle.js:1
run @ inject.bundle.js:1
t.default @ inject.bundle.js:1
await in t.default
7263 @ inject.bundle.js:1
r @ inject.bundle.js:1
(anonymous) @ inject.bundle.js:1
(anonymous) @ inject.bundle.js:1
inject.bundle.js:1  GET chrome-extension://invalid/ net::ERR_FAILED
n @ inject.bundle.js:1
i @ inject.bundle.js:1
await in i
t.findInstalledCompetitors @ inject.bundle.js:1
(anonymous) @ inject.bundle.js:1
(anonymous) @ inject.bundle.js:1
run @ inject.bundle.js:1
t.default @ inject.bundle.js:1
await in t.default
(anonymous) @ inject.bundle.js:1
(anonymous) @ inject.bundle.js:1
run @ inject.bundle.js:1
t.default @ inject.bundle.js:1
await in t.default
7263 @ inject.bundle.js:1
r @ inject.bundle.js:1
(anonymous) @ inject.bundle.js:1
(anonymous) @ inject.bundle.js:1
inject.bundle.js:1  GET chrome-extension://invalid/ net::ERR_FAILED
n @ inject.bundle.js:1
i @ inject.bundle.js:1
await in i
t.findInstalledCompetitors @ inject.bundle.js:1
(anonymous) @ inject.bundle.js:1
(anonymous) @ inject.bundle.js:1
run @ inject.bundle.js:1
t.default @ inject.bundle.js:1
await in t.default
(anonymous) @ inject.bundle.js:1
(anonymous) @ inject.bundle.js:1
run @ inject.bundle.js:1
t.default @ inject.bundle.js:1
await in t.default
7263 @ inject.bundle.js:1
r @ inject.bundle.js:1
(anonymous) @ inject.bundle.js:1
(anonymous) @ inject.bundle.js:1
inject.bundle.js:1  GET chrome-extension://invalid/ net::ERR_FAILED
n @ inject.bundle.js:1
i @ inject.bundle.js:1
await in i
t.findInstalledCompetitors @ inject.bundle.js:1
(anonymous) @ inject.bundle.js:1
(anonymous) @ inject.bundle.js:1
run @ inject.bundle.js:1
t.default @ inject.bundle.js:1
await in t.default
(anonymous) @ inject.bundle.js:1
(anonymous) @ inject.bundle.js:1
run @ inject.bundle.js:1
t.default @ inject.bundle.js:1
await in t.default
7263 @ inject.bundle.js:1
r @ inject.bundle.js:1
(anonymous) @ inject.bundle.js:1
(anonymous) @ inject.bundle.js:1
inject.bundle.js:1  GET chrome-extension://invalid/ net::ERR_FAILED
n @ inject.bundle.js:1
i @ inject.bundle.js:1
await in i
t.findInstalledCompetitors @ inject.bundle.js:1
(anonymous) @ inject.bundle.js:1
(anonymous) @ inject.bundle.js:1
run @ inject.bundle.js:1
t.default @ inject.bundle.js:1
await in t.default
(anonymous) @ inject.bundle.js:1
(anonymous) @ inject.bundle.js:1
run @ inject.bundle.js:1
t.default @ inject.bundle.js:1
await in t.default
7263 @ inject.bundle.js:1
r @ inject.bundle.js:1
(anonymous) @ inject.bundle.js:1
(anonymous) @ inject.bundle.js:1
message-notifications.tsx:92 WebSocket connection to 'wss://bb1d30f8-d852-4bae-abcd-b7c4521e3d85-00-x9tsn55inx51.spock.replit.dev/notifications' failed: 
(anonymous) @ message-notifications.tsx:92
commitHookEffectListMount @ chunk-RPCDYKBN.js?v=c6f482f7:16915
commitPassiveMountOnFiber @ chunk-RPCDYKBN.js?v=c6f482f7:18156
commitPassiveMountEffects_complete @ chunk-RPCDYKBN.js?v=c6f482f7:18129
commitPassiveMountEffects_begin @ chunk-RPCDYKBN.js?v=c6f482f7:18119
commitPassiveMountEffects @ chunk-RPCDYKBN.js?v=c6f482f7:18109
flushPassiveEffectsImpl @ chunk-RPCDYKBN.js?v=c6f482f7:19490
flushPassiveEffects @ chunk-RPCDYKBN.js?v=c6f482f7:19447
commitRootImpl @ chunk-RPCDYKBN.js?v=c6f482f7:19416
commitRoot @ chunk-RPCDYKBN.js?v=c6f482f7:19277
performSyncWorkOnRoot @ chunk-RPCDYKBN.js?v=c6f482f7:18895
flushSyncCallbacks @ chunk-RPCDYKBN.js?v=c6f482f7:9119
(anonymous) @ chunk-RPCDYKBN.js?v=c6f482f7:18627
useMessaging.ts:205 WebSocket connection to 'wss://bb1d30f8-d852-4bae-abcd-b7c4521e3d85-00-x9tsn55inx51.spock.replit.dev/notifications' failed: 
(anonymous) @ useMessaging.ts:205
commitHookEffectListMount @ chunk-RPCDYKBN.js?v=c6f482f7:16915
commitPassiveMountOnFiber @ chunk-RPCDYKBN.js?v=c6f482f7:18156
commitPassiveMountEffects_complete @ chunk-RPCDYKBN.js?v=c6f482f7:18129
commitPassiveMountEffects_begin @ chunk-RPCDYKBN.js?v=c6f482f7:18119
commitPassiveMountEffects @ chunk-RPCDYKBN.js?v=c6f482f7:18109
flushPassiveEffectsImpl @ chunk-RPCDYKBN.js?v=c6f482f7:19490
flushPassiveEffects @ chunk-RPCDYKBN.js?v=c6f482f7:19447
commitRootImpl @ chunk-RPCDYKBN.js?v=c6f482f7:19416
commitRoot @ chunk-RPCDYKBN.js?v=c6f482f7:19277
performSyncWorkOnRoot @ chunk-RPCDYKBN.js?v=c6f482f7:18895
flushSyncCallbacks @ chunk-RPCDYKBN.js?v=c6f482f7:9119
(anonymous) @ chunk-RPCDYKBN.js?v=c6f482f7:18627
useMessaging.ts:238 Messaging WebSocket error: Event {isTrusted: true, type: 'error', target: WebSocket, currentTarget: WebSocket, eventPhase: 2, …}
overrideMethod @ hook.js:608
ws.onerror @ useMessaging.ts:238
useMessaging.ts:242 Messaging WebSocket disconnected
simple-nav.tsx:144 Navigation click: real-time-messages
dashboard.tsx:498 Dashboard setActiveSection called with: real-time-messages
dashboard.tsx:53 Dashboard activeSection changed to: real-time-messages
t.js:1  POST https://bb1d30f8-d852-4bae-abcd-b7c4521e3d85-00-x9tsn55inx51.spock.replit.dev:5000/api/real-time-messages 401 (Unauthorized)
apply @ t.js:1
apiRequest @ queryClient.ts:17
mutationFn @ email-style-messaging.tsx:106
fn @ @tanstack_react-query.js?v=c6f482f7:1236
run @ @tanstack_react-query.js?v=c6f482f7:513
start @ @tanstack_react-query.js?v=c6f482f7:555
execute @ @tanstack_react-query.js?v=c6f482f7:1272
await in execute
mutate @ @tanstack_react-query.js?v=c6f482f7:2691
(anonymous) @ @tanstack_react-query.js?v=c6f482f7:3414
handleCompose @ email-style-messaging.tsx:200
callCallback2 @ chunk-RPCDYKBN.js?v=c6f482f7:3674
invokeGuardedCallbackDev @ chunk-RPCDYKBN.js?v=c6f482f7:3699
invokeGuardedCallback @ chunk-RPCDYKBN.js?v=c6f482f7:3733
invokeGuardedCallbackAndCatchFirstError @ chunk-RPCDYKBN.js?v=c6f482f7:3736
executeDispatch @ chunk-RPCDYKBN.js?v=c6f482f7:7014
processDispatchQueueItemsInOrder @ chunk-RPCDYKBN.js?v=c6f482f7:7034
processDispatchQueue @ chunk-RPCDYKBN.js?v=c6f482f7:7043
dispatchEventsForPlugins @ chunk-RPCDYKBN.js?v=c6f482f7:7051
(anonymous) @ chunk-RPCDYKBN.js?v=c6f482f7:7174
batchedUpdates$1 @ chunk-RPCDYKBN.js?v=c6f482f7:18913
batchedUpdates @ chunk-RPCDYKBN.js?v=c6f482f7:3579
dispatchEventForPluginEventSystem @ chunk-RPCDYKBN.js?v=c6f482f7:7173
dispatchEventWithEnableCapturePhaseSelectiveHydrationWithoutDiscreteEventReplay @ chunk-RPCDYKBN.js?v=c6f482f7:5478
dispatchEvent @ chunk-RPCDYKBN.js?v=c6f482f7:5472
dispatchDiscreteEvent @ chunk-RPCDYKBN.js?v=c6f482f7:5449
email-style-messaging.tsx:119 Send message error: Error: 401: {"message":"Unauthorized"}
    at throwIfResNotOk (queryClient.ts:6:11)
    at async apiRequest (queryClient.ts:24:3)
overrideMethod @ hook.js:608
onError @ email-style-messaging.tsx:119
execute @ @tanstack_react-query.js?v=c6f482f7:1301
await in execute
mutate @ @tanstack_react-query.js?v=c6f482f7:2691
(anonymous) @ @tanstack_react-query.js?v=c6f482f7:3414
handleCompose @ email-style-messaging.tsx:200
callCallback2 @ chunk-RPCDYKBN.js?v=c6f482f7:3674
invokeGuardedCallbackDev @ chunk-RPCDYKBN.js?v=c6f482f7:3699
invokeGuardedCallback @ chunk-RPCDYKBN.js?v=c6f482f7:3733
invokeGuardedCallbackAndCatchFirstError @ chunk-RPCDYKBN.js?v=c6f482f7:3736
executeDispatch @ chunk-RPCDYKBN.js?v=c6f482f7:7014
processDispatchQueueItemsInOrder @ chunk-RPCDYKBN.js?v=c6f482f7:7034
processDispatchQueue @ chunk-RPCDYKBN.js?v=c6f482f7:7043
dispatchEventsForPlugins @ chunk-RPCDYKBN.js?v=c6f482f7:7051
(anonymous) @ chunk-RPCDYKBN.js?v=c6f482f7:7174
batchedUpdates$1 @ chunk-RPCDYKBN.js?v=c6f482f7:18913
batchedUpdates @ chunk-RPCDYKBN.js?v=c6f482f7:3579
dispatchEventForPluginEventSystem @ chunk-RPCDYKBN.js?v=c6f482f7:7173
dispatchEventWithEnableCapturePhaseSelectiveHydrationWithoutDiscreteEventReplay @ chunk-RPCDYKBN.js?v=c6f482f7:5478
dispatchEvent @ chunk-RPCDYKBN.js?v=c6f482f7:5472
dispatchDiscreteEvent @ chunk-RPCDYKBN.js?v=c6f482f7:5449
